<?xml version="1.0" encoding="UTF-8"?>
<testsuite name="Chrome_50375125_Mac_OS.HumaneDatesTest" errors="0" failures="0" tests="52" time="0.010000001">
<testcase classname="Chrome_50375125_Mac_OS.HumaneDatesTest" name="testNow" time="0.0020"/>
<testcase classname="Chrome_50375125_Mac_OS.HumaneDatesTest" name="testNowMax" time="0.0010"/>
<testcase classname="Chrome_50375125_Mac_OS.HumaneDatesTest" name="testNowAgoMax" time="0.0"/>
<testcase classname="Chrome_50375125_Mac_OS.HumaneDatesTest" name="testMinute" time="0.0"/>
<testcase classname="Chrome_50375125_Mac_OS.HumaneDatesTest" name="testMinuteMax" time="0.0"/>
<testcase classname="Chrome_50375125_Mac_OS.HumaneDatesTest" name="testMinuteAgo" time="0.0010"/>
<testcase classname="Chrome_50375125_Mac_OS.HumaneDatesTest" name="testMinuteAgoMax" time="0.0"/>
<testcase classname="Chrome_50375125_Mac_OS.HumaneDatesTest" name="testMinutes" time="0.0"/>
<testcase classname="Chrome_50375125_Mac_OS.HumaneDatesTest" name="testMinutesAgo" time="0.0"/>
<testcase classname="Chrome_50375125_Mac_OS.HumaneDatesTest" name="testMinutesMax" time="0.0"/>
<testcase classname="Chrome_50375125_Mac_OS.HumaneDatesTest" name="testMinutesAgoMax" time="0.0"/>
<testcase classname="Chrome_50375125_Mac_OS.HumaneDatesTest" name="testHour" time="0.0"/>
<testcase classname="Chrome_50375125_Mac_OS.HumaneDatesTest" name="testHourMax" time="0.0"/>
<testcase classname="Chrome_50375125_Mac_OS.HumaneDatesTest" name="testHourAgo" time="0.0010"/>
<testcase classname="Chrome_50375125_Mac_OS.HumaneDatesTest" name="testHourAgoMax" time="0.0"/>
<testcase classname="Chrome_50375125_Mac_OS.HumaneDatesTest" name="testHours" time="0.0"/>
<testcase classname="Chrome_50375125_Mac_OS.HumaneDatesTest" name="testHoursAgo" time="0.0"/>
<testcase classname="Chrome_50375125_Mac_OS.HumaneDatesTest" name="testHoursMax" time="0.0"/>
<testcase classname="Chrome_50375125_Mac_OS.HumaneDatesTest" name="testHoursAgoMax" time="0.0"/>
<testcase classname="Chrome_50375125_Mac_OS.HumaneDatesTest" name="testDay" time="0.0"/>
<testcase classname="Chrome_50375125_Mac_OS.HumaneDatesTest" name="testDayMax" time="0.0"/>
<testcase classname="Chrome_50375125_Mac_OS.HumaneDatesTest" name="testDayAgo" time="0.0010"/>
<testcase classname="Chrome_50375125_Mac_OS.HumaneDatesTest" name="testDayAgoMax" time="0.0"/>
<testcase classname="Chrome_50375125_Mac_OS.HumaneDatesTest" name="testDays" time="0.0"/>
<testcase classname="Chrome_50375125_Mac_OS.HumaneDatesTest" name="testDaysAgo" time="0.0"/>
<testcase classname="Chrome_50375125_Mac_OS.HumaneDatesTest" name="testDaysMax" time="0.0"/>
<testcase classname="Chrome_50375125_Mac_OS.HumaneDatesTest" name="testDaysAgoMax" time="0.0"/>
<testcase classname="Chrome_50375125_Mac_OS.HumaneDatesTest" name="testWeek" time="0.0"/>
<testcase classname="Chrome_50375125_Mac_OS.HumaneDatesTest" name="testWeekMax" time="0.0010"/>
<testcase classname="Chrome_50375125_Mac_OS.HumaneDatesTest" name="testWeekAgo" time="0.0"/>
<testcase classname="Chrome_50375125_Mac_OS.HumaneDatesTest" name="testWeekAgoMax" time="0.0"/>
<testcase classname="Chrome_50375125_Mac_OS.HumaneDatesTest" name="testWeeks" time="0.0"/>
<testcase classname="Chrome_50375125_Mac_OS.HumaneDatesTest" name="testWeeksAgo" time="0.0"/>
<testcase classname="Chrome_50375125_Mac_OS.HumaneDatesTest" name="testWeeksMax" time="0.0"/>
<testcase classname="Chrome_50375125_Mac_OS.HumaneDatesTest" name="testWeeksAgoMax" time="0.0"/>
<testcase classname="Chrome_50375125_Mac_OS.HumaneDatesTest" name="testMonth" time="0.0"/>
<testcase classname="Chrome_50375125_Mac_OS.HumaneDatesTest" name="testMonthMax" time="0.0010"/>
<testcase classname="Chrome_50375125_Mac_OS.HumaneDatesTest" name="testMonthAgo" time="0.0"/>
<testcase classname="Chrome_50375125_Mac_OS.HumaneDatesTest" name="testMonthAgoMax" time="0.0"/>
<testcase classname="Chrome_50375125_Mac_OS.HumaneDatesTest" name="testMonths" time="0.0"/>
<testcase classname="Chrome_50375125_Mac_OS.HumaneDatesTest" name="testMonthsAgo" time="0.0"/>
<testcase classname="Chrome_50375125_Mac_OS.HumaneDatesTest" name="testMonthsMax" time="0.0"/>
<testcase classname="Chrome_50375125_Mac_OS.HumaneDatesTest" name="testMonthsAgoMax" time="0.0"/>
<testcase classname="Chrome_50375125_Mac_OS.HumaneDatesTest" name="testYear" time="0.0"/>
<testcase classname="Chrome_50375125_Mac_OS.HumaneDatesTest" name="testYearMax" time="0.0010"/>
<testcase classname="Chrome_50375125_Mac_OS.HumaneDatesTest" name="testYearAgo" time="0.0"/>
<testcase classname="Chrome_50375125_Mac_OS.HumaneDatesTest" name="testYearAgoMax" time="0.0"/>
<testcase classname="Chrome_50375125_Mac_OS.HumaneDatesTest" name="testYears" time="0.0"/>
<testcase classname="Chrome_50375125_Mac_OS.HumaneDatesTest" name="testYearsAgo" time="0.0"/>
<testcase classname="Chrome_50375125_Mac_OS.HumaneDatesTest" name="testYearsALot" time="0.0010"/>
<testcase classname="Chrome_50375125_Mac_OS.HumaneDatesTest" name="testYearsAgoALot" time="0.0"/>
<testcase classname="Chrome_50375125_Mac_OS.HumaneDatesTest" name="testInfsanity" time="0.0"/>
</testsuite>
