<?xml version="1.0" encoding="UTF-8"?>
<testsuite name="Chrome_50375125_Mac_OS.HumaneDateTest" errors="0" failures="1" tests="1" time="0.0040">
<testcase classname="Chrome_50375125_Mac_OS.HumaneDateTest" name="testTrue" time="0.0040">
<failure type="failed" message="expected &quot;Now.&quot; but was &quot;Just Now&quot;">/src-test/sampleTest.js:4:23)
</failure>
</testcase>
</testsuite>
